#
# There is insufficient memory for the Java Runtime Environment to continue.
# Native memory allocation (mmap) failed to map 134217728 bytes for G1 virtual space
# Possible reasons:
#   The system is out of physical RAM or swap space
#   The process is running with CompressedOops enabled, and the Java Heap may be blocking the growth of the native heap
# Possible solutions:
#   Reduce memory load on the system
#   Increase physical memory or swap space
#   Check if swap backing store is full
#   Decrease Java heap size (-Xmx/-Xms)
#   Decrease number of Java threads
#   Decrease Java thread stack sizes (-Xss)
#   Set larger code cache with -XX:ReservedCodeCacheSize=
#   JVM is running with Unscaled Compressed Oops mode in which the Java heap is
#     placed in the first 4GB address space. The Java Heap base address is the
#     maximum limit for the native heap growth. Please use -XX:HeapBaseMinAddress
#     to set the Java Heap base and to place the Java Heap above 4GB virtual address.
# This output file may be truncated or incomplete.
#
#  Out of Memory Error (./open/src/hotspot/os/windows/os_windows.cpp:3321), pid=8096, tid=4584
#
# JRE version:  (15.0.2+7) (build )
# Java VM: Java HotSpot(TM) 64-Bit Server VM (15.0.2+7-27, mixed mode, sharing, tiered, compressed oops, g1 gc, windows-amd64)
# No core dump will be written. Minidumps are not enabled by default on client versions of Windows
#

---------------  S U M M A R Y ------------

Command Line: -Dfile.encoding=UTF-8 --module-path=D:\Users\Aorus 1\Documents\Bloquesinicializacion\build\classes test.TestBloquesInicializacion

Host: Intel(R) Core(TM) i3-6300T CPU @ 3.30GHz, 4 cores, 7G,  Windows 10 , 64 bit Build 19041 (10.0.19041.1806)
Time: Thu Jul 21 17:29:13 2022 Hora de verano central (México) elapsed time: 0.016668 seconds (0d 0h 0m 0s)

---------------  T H R E A D  ---------------

Current thread (0x000001dd4d971070):  JavaThread "Unknown thread" [_thread_in_vm, id=4584, stack(0x0000004d1b000000,0x0000004d1b100000)]

Stack: [0x0000004d1b000000,0x0000004d1b100000]
Native frames: (J=compiled Java code, j=interpreted, Vv=VM code, C=native code)
V  [jvm.dll+0x62ae9a]
V  [jvm.dll+0x7817a9]
V  [jvm.dll+0x782f03]
V  [jvm.dll+0x783563]
V  [jvm.dll+0x216325]
V  [jvm.dll+0x6281d9]
V  [jvm.dll+0x61cf55]
V  [jvm.dll+0x2cffdd]
V  [jvm.dll+0x2cfe42]
V  [jvm.dll+0x2d5e1c]
V  [jvm.dll+0x32590a]
V  [jvm.dll+0x324fd4]
V  [jvm.dll+0x2a6f5a]
V  [jvm.dll+0x2a80f8]
V  [jvm.dll+0x75e241]
V  [jvm.dll+0x3341c4]
V  [jvm.dll+0x73e926]
V  [jvm.dll+0x3b7557]
V  [jvm.dll+0x3b8fe1]
C  [jli.dll+0x52fb]
C  [ucrtbase.dll+0x21bb2]
C  [KERNEL32.DLL+0x17034]
C  [ntdll.dll+0x52651]


---------------  P R O C E S S  ---------------

Threads class SMR info:
_java_thread_list=0x00007ffaec814ff0, length=0, elements={
}

Java Threads: ( => current thread )

Other Threads:
  0x000001dd4d9af880 GCTaskThread "GC Thread#0" [stack: 0x0000004d1b100000,0x0000004d1b200000] [id=10196]
  0x000001dd4d9c1870 ConcurrentGCThread "G1 Main Marker" [stack: 0x0000004d1b200000,0x0000004d1b300000] [id=10136]
  0x000001dd4d9c23f0 ConcurrentGCThread "G1 Conc#0" [stack: 0x0000004d1b300000,0x0000004d1b400000] [id=11076]

[error occurred during error reporting (printing all threads), id 0xc0000005, EXCEPTION_ACCESS_VIOLATION (0xc0000005) at pc=0x00007ffaec007e27]

VM state: not at safepoint (not fully initialized)

VM Mutex/Monitor currently owned by a thread:  ([mutex/lock_event])
[0x000001dd4d96d9d0] Heap_lock - owner thread: 0x000001dd4d971070

Heap address: 0x0000000081000000, size: 2032 MB, Compressed Oops mode: 32-bit
CDS archive(s) mapped at: [0x0000000000000000-0x0000000000000000-0x0000000000000000), size 0, SharedBaseAddress: 0x0000000800000000, ArchiveRelocationMode: 0.
Narrow klass base: 0x0000000000000000, Narrow klass shift: 0, Narrow klass range: 0x0

Heap:
 garbage-first heap   total 131072K, used 0K [0x0000000081000000, 0x0000000100000000)
  region size 1024K, 0 young (0K), 0 survivors (0K)
 Metaspace       used 0K, capacity 0K, committed 0K, reserved 0K
  class space    used 0K, capacity 0K, committed 0K, reserved 0K

Heap Regions: E=young(eden), S=young(survivor), O=old, HS=humongous(starts), HC=humongous(continues), CS=collection set, F=free, OA=open archive, CA=closed archive, TAMS=top-at-mark-start (previous, next)

Card table byte_map: [0x000001dd64fb0000,0x000001dd653b0000] _byte_map_base: 0x000001dd64ba8000

Marking Bits (Prev, Next): (CMBitMap*) 0x000001dd4d9b1010, (CMBitMap*) 0x000001dd4d9b1050
 Prev Bits: [0x000001dd657b0000, 0x000001dd67770000)
 Next Bits: [0x000001dd67770000, 0x000001dd69730000)

GC Heap History (0 events):
No events

Deoptimization events (0 events):
No events

Classes unloaded (0 events):
No events

Classes redefined (0 events):
No events

Internal exceptions (0 events):
No events

Events (1 events):
Event: 0.008 Loaded shared library C:\Program Files\Java\jdk-15.0.2\bin\java.dll


Dynamic libraries:
0x00007ff6a8450000 - 0x00007ff6a845f000 	C:\Program Files\Java\jdk-15.0.2\bin\java.exe
0x00007ffb1d590000 - 0x00007ffb1d788000 	C:\WINDOWS\SYSTEM32\ntdll.dll
0x00007ffb1d490000 - 0x00007ffb1d54d000 	C:\WINDOWS\System32\KERNEL32.DLL
0x00007ffb1ae10000 - 0x00007ffb1b0de000 	C:\WINDOWS\System32\KERNELBASE.dll
0x00007ffb1b190000 - 0x00007ffb1b290000 	C:\WINDOWS\System32\ucrtbase.dll
0x00007ffb17460000 - 0x00007ffb17479000 	C:\Program Files\Java\jdk-15.0.2\bin\VCRUNTIME140.dll
0x00007ffb166c0000 - 0x00007ffb166d8000 	C:\Program Files\Java\jdk-15.0.2\bin\jli.dll
0x00007ffb1bc70000 - 0x00007ffb1bd1e000 	C:\WINDOWS\System32\ADVAPI32.dll
0x00007ffb1cd10000 - 0x00007ffb1cdae000 	C:\WINDOWS\System32\msvcrt.dll
0x00007ffb1cbf0000 - 0x00007ffb1cc8c000 	C:\WINDOWS\System32\sechost.dll
0x00007ffb1d300000 - 0x00007ffb1d425000 	C:\WINDOWS\System32\RPCRT4.dll
0x00007ffb1bdd0000 - 0x00007ffb1bf70000 	C:\WINDOWS\System32\USER32.dll
0x00007ffb1b5c0000 - 0x00007ffb1b5e2000 	C:\WINDOWS\System32\win32u.dll
0x00007ffb1b5f0000 - 0x00007ffb1b61a000 	C:\WINDOWS\System32\GDI32.dll
0x00007ffb1b4b0000 - 0x00007ffb1b5bb000 	C:\WINDOWS\System32\gdi32full.dll
0x00007ffb1b3c0000 - 0x00007ffb1b45d000 	C:\WINDOWS\System32\msvcp_win.dll
0x00007ffb03100000 - 0x00007ffb0339a000 	C:\WINDOWS\WinSxS\amd64_microsoft.windows.common-controls_6595b64144ccf1df_6.0.19041.1110_none_60b5254171f9507e\COMCTL32.dll
0x00007ffb18b60000 - 0x00007ffb18b6a000 	C:\WINDOWS\SYSTEM32\VERSION.dll
0x00007ffb1cdb0000 - 0x00007ffb1cde0000 	C:\WINDOWS\System32\IMM32.DLL
0x00007ffb166b0000 - 0x00007ffb166bc000 	C:\Program Files\Java\jdk-15.0.2\bin\vcruntime140_1.dll
0x00007ffaf2d40000 - 0x00007ffaf2dd1000 	C:\Program Files\Java\jdk-15.0.2\bin\msvcp140.dll
0x00007ffaebd50000 - 0x00007ffaec8ae000 	C:\Program Files\Java\jdk-15.0.2\bin\server\jvm.dll
0x00007ffb1d260000 - 0x00007ffb1d268000 	C:\WINDOWS\System32\PSAPI.DLL
0x00007ffb0ef40000 - 0x00007ffb0ef67000 	C:\WINDOWS\SYSTEM32\WINMM.dll
0x00007ffb179f0000 - 0x00007ffb179f9000 	C:\WINDOWS\SYSTEM32\WSOCK32.dll
0x00007ffb1bc00000 - 0x00007ffb1bc6b000 	C:\WINDOWS\System32\WS2_32.dll
0x00007ffb18db0000 - 0x00007ffb18dc2000 	C:\WINDOWS\SYSTEM32\kernel.appcore.dll
0x00007ffb16660000 - 0x00007ffb1666a000 	C:\Program Files\Java\jdk-15.0.2\bin\jimage.dll
0x00007ffb03710000 - 0x00007ffb038f4000 	C:\WINDOWS\SYSTEM32\DBGHELP.DLL
0x00007ffb036e0000 - 0x00007ffb0370c000 	C:\WINDOWS\SYSTEM32\dbgcore.DLL
0x00007ffb1b290000 - 0x00007ffb1b312000 	C:\WINDOWS\System32\bcryptPrimitives.dll
0x00007ffb0e080000 - 0x00007ffb0e0a5000 	C:\Program Files\Java\jdk-15.0.2\bin\java.dll

dbghelp: loaded successfully - version: 4.0.5 - missing functions: none
symbol engine: initialized successfully - sym options: 0x614 - pdb path: .;C:\Program Files\Java\jdk-15.0.2\bin;C:\WINDOWS\SYSTEM32;C:\WINDOWS\WinSxS\amd64_microsoft.windows.common-controls_6595b64144ccf1df_6.0.19041.1110_none_60b5254171f9507e;C:\Program Files\Java\jdk-15.0.2\bin\server

VM Arguments:
jvm_args: -Dfile.encoding=UTF-8 --module-path=D:\Users\Aorus 1\Documents\Bloquesinicializacion\build\classes 
java_command: test.TestBloquesInicializacion
java_class_path (initial): D:\Users\Aorus 1\Documents\Bloquesinicializacion\build\classes
Launcher Type: SUN_STANDARD

[Global flags]
     intx CICompilerCount                          = 3                                         {product} {ergonomic}
     uint ConcGCThreads                            = 1                                         {product} {ergonomic}
     uint G1ConcRefinementThreads                  = 4                                         {product} {ergonomic}
   size_t G1HeapRegionSize                         = 1048576                                   {product} {ergonomic}
    uintx GCDrainStackTargetSize                   = 64                                        {product} {ergonomic}
   size_t InitialHeapSize                          = 134217728                                 {product} {ergonomic}
   size_t MarkStackSize                            = 4194304                                   {product} {ergonomic}
   size_t MaxHeapSize                              = 2130706432                                {product} {ergonomic}
   size_t MinHeapDeltaBytes                        = 1048576                                   {product} {ergonomic}
   size_t MinHeapSize                              = 8388608                                   {product} {ergonomic}
    uintx NonNMethodCodeHeapSize                   = 5832780                                {pd product} {ergonomic}
    uintx NonProfiledCodeHeapSize                  = 122912730                              {pd product} {ergonomic}
    uintx ProfiledCodeHeapSize                     = 122912730                              {pd product} {ergonomic}
    uintx ReservedCodeCacheSize                    = 251658240                              {pd product} {ergonomic}
     bool SegmentedCodeCache                       = true                                      {product} {ergonomic}
   size_t SoftMaxHeapSize                          = 2130706432                             {manageable} {ergonomic}
     bool UseCompressedClassPointers               = true                                 {lp64_product} {ergonomic}
     bool UseCompressedOops                        = true                                 {lp64_product} {ergonomic}
     bool UseG1GC                                  = true                                      {product} {ergonomic}
     bool UseLargePagesIndividualAllocation        = false                                  {pd product} {ergonomic}

Logging:
Log output configuration:
 #0: stdout all=warning uptime,level,tags
 #1: stderr all=off uptime,level,tags

Environment Variables:
PATH=C:\Program Files\Common Files\Oracle\Java\javapath;C:\Program Files (x86)\Common Files\Oracle\Java\javapath;C:\WINDOWS\system32;C:\WINDOWS;C:\WINDOWS\System32\Wbem;C:\WINDOWS\System32\WindowsPowerShell\v1.0\;C:\WINDOWS\System32\OpenSSH\;C:\Program Files (x86)\NVIDIA Corporation\PhysX\Common;C:\Users\Aorus 1\AppData\Local\Microsoft\WindowsApps;
USERNAME=Aorus 1
OS=Windows_NT
PROCESSOR_IDENTIFIER=Intel64 Family 6 Model 94 Stepping 3, GenuineIntel



---------------  S Y S T E M  ---------------

OS:
 Windows 10 , 64 bit Build 19041 (10.0.19041.1806)
OS uptime: 2 days 19:39 hours

CPU: total 4 (initial active 4) (2 cores per cpu, 2 threads per core) family 6 model 94 stepping 3 microcode 0xcc, cmov, cx8, fxsr, mmx, sse, sse2, sse3, ssse3, sse4.1, sse4.2, popcnt, vzeroupper, avx, avx2, aes, clmul, erms, 3dnowpref, lzcnt, ht, tsc, tscinvbit, bmi1, bmi2, adx, fma, clflush, clflushopt

Memory: 4k page, system-wide physical 8121M (2473M free)
TotalPageFile size 21551M (AvailPageFile size 8M)
current process WorkingSet (physical memory assigned to process): 10M, peak: 10M
current process commit charge ("private bytes"): 51M, peak: 179M

vm_info: Java HotSpot(TM) 64-Bit Server VM (15.0.2+7-27) for windows-amd64 JRE (15.0.2+7-27), built on Dec  7 2020 20:07:01 by "mach5one" with unknown MS VC++:1925

END.
